Zfcnetstat/proguard/seeds.txt
com.example.hello.ChkNewVersionReceiver
com.example.hello.ChkNewVersionReceiver: ChkNewVersionReceiver()
com.example.hello.MainActivity
com.example.hello.MainActivity: MainActivity()
com.example.hello.MembershipActivity
com.example.hello.MembershipActivity: MembershipActivity()
com.example.hello.MembershipActivity$MyReceiver
com.example.hello.MyService
com.example.hello.MyService: MyService()
com.example.hello.R$dimen: int activity_horizontal_margin
com.example.hello.R$dimen: int activity_vertical_margin
com.example.hello.R$drawable: int ic_launcher
com.example.hello.R$id: int OnlineInfo
com.example.hello.R$id: int StartService
com.example.hello.R$id: int action_settings
com.example.hello.R$id: int buttonShortcut
com.example.hello.R$id: int buttonlogin
com.example.hello.R$id: int buttonregister
com.example.hello.R$id: int checkNewversion
com.example.hello.R$id: int chkmyservice
com.example.hello.R$id: int cleartotal
com.example.hello.R$id: int closePrompt
com.example.hello.R$id: int code
com.example.hello.R$id: int et_mobilenum
com.example.hello.R$id: int et_pwd
com.example.hello.R$id: int input_smscode
com.example.hello.R$id: int notificationImage
com.example.hello.R$id: int notificationPercent
com.example.hello.R$id: int notificationProgress
com.example.hello.R$id: int notificationTitle
com.example.hello.R$id: int openPrompt
com.example.hello.R$id: int pwd1
com.example.hello.R$id: int pwd2
com.example.hello.R$id: int realname
com.example.hello.R$id: int reg_mobilenum
com.example.hello.R$id: int registerCancel
com.example.hello.R$id: int registerOK
com.example.hello.R$id: int sms_getcode
com.example.hello.R$id: int smscode
com.example.hello.R$id: int stopservice
com.example.hello.R$id: int stuid
com.example.hello.R$id: int textView1
com.example.hello.R$id: int textView3
com.example.hello.R$id: int textView4
com.example.hello.R$id: int textView5
com.example.hello.R$id: int vc_code
com.example.hello.R$id: int vc_image
com.example.hello.R$id: int vc_shuaxin
com.example.hello.R$layout: int activity_main
com.example.hello.R$layout: int activity_membership
com.example.hello.R$layout: int activity_register
com.example.hello.R$layout: int activity_register_sms
com.example.hello.R$layout: int notification_item
com.example.hello.R$menu: int main
com.example.hello.R$menu: int member
com.example.hello.R$string: int StartService
com.example.hello.R$string: int StartServiceActivityStr
com.example.hello.R$string: int action_chkmyservice
com.example.hello.R$string: int action_cleartotal
com.example.hello.R$string: int action_settings
com.example.hello.R$string: int app_english_name
com.example.hello.R$string: int app_name
com.example.hello.R$string: int app_versionName
com.example.hello.R$string: int buttonlogin
com.example.hello.R$string: int buttonregister
com.example.hello.R$string: int buttonstart_text
com.example.hello.R$string: int checkNewVer
com.example.hello.R$string: int closePrompt
com.example.hello.R$string: int config_filename
com.example.hello.R$string: int hello_world
com.example.hello.R$string: int membershipStatement
com.example.hello.R$string: int membershipWelcome
com.example.hello.R$string: int openPrompt
com.example.hello.R$string: int shortcutbutton
com.example.hello.R$string: int stopservice
com.example.hello.R$style: int AppBaseTheme
com.example.hello.R$style: int AppTheme
com.example.hello.RegisterActivity
com.example.hello.RegisterActivity: RegisterActivity()
com.example.hello.UpdateService
com.example.hello.UpdateService: UpdateService()
com.example.hello.Zfcnetstat
com.example.hello.Zfcnetstat: Zfcnetstat()
...
android.support.v4.widget.NestedScrollView
android.support.v4.widget.NestedScrollView: NestedScrollView(android.content.Context)
android.support.v4.widget.NestedScrollView: NestedScrollView(android.content.Context,android.util.AttributeSet)
android.support.v4.widget.NestedScrollView: NestedScrollView(android.content.Context,android.util.AttributeSet,int)
android.support.v4.widget.NestedScrollView: void setNestedScrollingEnabled(boolean)
android.support.v4.widget.NestedScrollView: void setOnScrollChangeListener(android.support.v4.widget.NestedScrollView$OnScrollChangeListener)
android.support.v4.widget.NestedScrollView: void setFillViewport(boolean)
android.support.v4.widget.NestedScrollView: void setSmoothScrollingEnabled(boolean)
android.support.v4.widget.NestedScrollView$SavedState: android.os.Parcelable$Creator CREATOR
android.support.v4.widget.SearchViewCompatIcs$MySearchView
android.support.v4.widget.SearchViewCompatIcs$MySearchView: SearchViewCompatIcs$MySearchView(android.content.Context)
android.support.v4.widget.SlidingPaneLayout
android.support.v4.widget.SlidingPaneLayout: SlidingPaneLayout(android.content.Context)
android.support.v4.widget.SlidingPaneLayout: SlidingPaneLayout(android.content.Context,android.util.AttributeSet)
android.support.v4.widget.SlidingPaneLayout: SlidingPaneLayout(android.content.Context,android.util.AttributeSet,int)
android.support.v4.widget.SlidingPaneLayout: void setParallaxDistance(int)
android.support.v4.widget.SlidingPaneLayout: void setSliderFadeColor(int)
android.support.v4.widget.SlidingPaneLayout: void setCoveredFadeColor(int)
android.support.v4.widget.SlidingPaneLayout: void setPanelSlideListener(android.support.v4.widget.SlidingPaneLayout$PanelSlideListener)
android.support.v4.widget.SlidingPaneLayout: void setShadowDrawable(android.graphics.drawable.Drawable)
android.support.v4.widget.SlidingPaneLayout: void setShadowDrawableLeft(android.graphics.drawable.Drawable)
android.support.v4.widget.SlidingPaneLayout: void setShadowDrawableRight(android.graphics.drawable.Drawable)
android.support.v4.widget.SlidingPaneLayout: void setShadowResource(int)
android.support.v4.widget.SlidingPaneLayout: void setShadowResourceLeft(int)
android.support.v4.widget.SlidingPaneLayout: void setShadowResourceRight(int)
android.support.v4.widget.SlidingPaneLayout$LayoutParams
android.support.v4.widget.SlidingPaneLayout$LayoutParams: SlidingPaneLayout$LayoutParams(android.content.Context,android.util.AttributeSet)
android.support.v4.widget.SlidingPaneLayout$SavedState: android.os.Parcelable$Creator CREATOR
android.support.v4.widget.Space
android.support.v4.widget.Space: Space(android.content.Context,android.util.AttributeSet,int)
android.support.v4.widget.Space: Space(android.content.Context,android.util.AttributeSet)
android.support.v4.widget.Space: Space(android.content.Context)