Zfcnetstat/proguard/mapping.txt
com.example.hello.ChkNewVersionReceiver -> com.example.hello.ChkNewVersionReceiver:
    com.example.hello.MainActivity$MyHandler handler -> a
    void onReceive(android.content.Context,android.content.Intent) -> onReceive
com.example.hello.Code -> dI:
    char[] CHARS -> a
    com.example.hello.Code bpUtil -> b
    int width -> c
    int height -> d
    int base_padding_left -> e
    int range_padding_left -> f
    int base_padding_top -> g
    int range_padding_top -> h
    int codeLength -> i
    int line_number -> j
    int font_size -> k
    java.lang.String code -> l
    int padding_left -> m
    int padding_top -> n
    java.util.Random random -> o
    com.example.hello.Code getInstance() -> a
    java.lang.String getCode() -> b
    android.graphics.Bitmap getBitmap() -> c
    java.lang.String createCode() -> d
    int randomColor() -> e
com.example.hello.FileUtil -> dJ:
    java.io.File updateDir -> b
    java.io.File updateFile -> a
    void createFile(java.lang.String) -> a
com.example.hello.HttpGetThread -> dK:
    java.lang.String url -> a
    android.os.Handler handler -> b
    java.lang.String resultStr -> c
    int msgType -> d
    void run() -> run
com.example.hello.HttpRequestor -> dL:
    java.lang.String charset -> a
    java.lang.String proxyHost -> b
    java.lang.Integer proxyPort -> c
    java.lang.String doGet(java.lang.String) -> a
com.example.hello.MainActivity -> com.example.hello.MainActivity:
    android.widget.Button buttonLogin -> a
    android.widget.Button buttonRegister -> c
    android.widget.Button buttonShortcut -> d
    android.widget.EditText et_mobilenum -> e
    android.widget.EditText et_pwd -> f
    java.lang.String mobilenum -> b
    java.lang.String pwd -> g
    com.example.hello.ProfileUtil profile -> h
    com.example.hello.Zfcnetstat zfc -> i
    int newVerCode -> j
    java.lang.String newVerName -> k
    boolean onKeyDown(int,android.view.KeyEvent) -> onKeyDown
    void onCreate(android.os.Bundle) -> onCreate
    void onStart() -> onStart
    void onClick(android.view.View) -> onClick
    boolean onCreateOptionsMenu(android.view.Menu) -> onCreateOptionsMenu
    boolean onOptionsItemSelected(android.view.MenuItem) -> onOptionsItemSelected
    boolean onPrepareOptionsMenu(android.view.Menu) -> onPrepareOptionsMenu
    void GotoNextActivity(android.app.Activity,java.lang.Class,java.lang.String,java.lang.String) -> a
    void onActivityResult(int,int,android.content.Intent) -> onActivityResult
    void checkNewVersion() -> a
    boolean getServerVerCode(java.lang.String) -> a
    com.example.hello.ProfileUtil access$0(com.example.hello.MainActivity) -> a
    void access$1(com.example.hello.MainActivity,android.app.Activity,java.lang.Class,java.lang.String,java.lang.String) -> a
    void access$2(com.example.hello.MainActivity,java.lang.String) -> a
com.example.hello.MainActivity$1 -> dM:
    void onClick(android.content.DialogInterface,int) -> onClick
com.example.hello.MainActivity$2 -> dN:
    com.example.hello.MainActivity this$0 -> a
    void onClick(android.content.DialogInterface,int) -> onClick
com.example.hello.MainActivity$3 -> dO:
    void onClick(android.content.DialogInterface,int) -> onClick
com.example.hello.MainActivity$MyHandler -> dP:
    com.example.hello.MainActivity mActivity -> a
    void handleMessage(android.os.Message) -> handleMessage
...
android.support.v4.widget.MaterialProgressDrawable$2 -> dd:
    android.support.v4.widget.MaterialProgressDrawable$Ring val$ring -> a
    android.support.v4.widget.MaterialProgressDrawable this$0 -> b
    void onAnimationStart(android.view.animation.Animation) -> onAnimationStart
    void onAnimationEnd(android.view.animation.Animation) -> onAnimationEnd
    void onAnimationRepeat(android.view.animation.Animation) -> onAnimationRepeat
android.support.v4.widget.MaterialProgressDrawable$3 -> de:
    android.support.v4.widget.MaterialProgressDrawable this$0 -> a
    void invalidateDrawable(android.graphics.drawable.Drawable) -> invalidateDrawable
    void scheduleDrawable(android.graphics.drawable.Drawable,java.lang.Runnable,long) -> scheduleDrawable
    void unscheduleDrawable(android.graphics.drawable.Drawable,java.lang.Runnable) -> unscheduleDrawable
android.support.v4.widget.MaterialProgressDrawable$Ring -> df:
    android.graphics.RectF mTempBounds -> a
    android.graphics.Paint mPaint -> b
    android.graphics.Paint mArrowPaint -> c
    android.graphics.drawable.Drawable$Callback mCallback -> x
    float mStartTrim -> d
    float mEndTrim -> e
    float mRotation -> f
    float mStrokeWidth -> g
    float mStrokeInset -> h
    int[] mColors -> i
    int mColorIndex -> j
    float mStartingStartTrim -> k
    float mStartingEndTrim -> l
    float mStartingRotation -> m
    boolean mShowArrow -> n
    android.graphics.Path mArrow -> o
    float mArrowScale -> p
    double mRingCenterRadius -> q
    int mArrowWidth -> r
    int mArrowHeight -> s
    int mAlpha -> t
    android.graphics.Paint mCirclePaint -> u
    int mBackgroundColor -> v
    int mCurrentColor -> w
    void setColors(int[]) -> a
    void setColorIndex(int) -> a
    int getNextColorIndex() -> a
    void setStartTrim(float) -> a
    void setEndTrim(float) -> b
    void setRotation(float) -> c
    void setShowArrow(boolean) -> a
    void storeOriginals() -> b
    void resetOriginals() -> c
    void invalidateSelf() -> d
android.support.v4.widget.NestedScrollView -> android.support.v4.widget.NestedScrollView:
    long mLastScroll -> a
    android.graphics.Rect mTempRect -> b
    android.support.v4.widget.ScrollerCompat mScroller -> c
    android.support.v4.widget.EdgeEffectCompat mEdgeGlowTop -> d
    android.support.v4.widget.EdgeEffectCompat mEdgeGlowBottom -> e
    int mLastMotionY -> f
    boolean mIsLayoutDirty -> g
    boolean mIsLaidOut -> h
    android.view.View mChildToScrollTo -> i
    boolean mIsBeingDragged -> j
    android.view.VelocityTracker mVelocityTracker -> k
    boolean mFillViewport -> l
    boolean mSmoothScrollingEnabled -> m
    int mTouchSlop -> n
    int mMinimumVelocity -> o
    int mMaximumVelocity -> p
    int mActivePointerId -> q
    int[] mScrollOffset -> r
    int[] mScrollConsumed -> s
    int mNestedYOffset -> t
    android.support.v4.widget.NestedScrollView$SavedState mSavedState -> u
    android.support.v4.widget.NestedScrollView$AccessibilityDelegate ACCESSIBILITY_DELEGATE -> v
    int[] SCROLLVIEW_STYLEABLE -> w
    android.support.v4.view.NestedScrollingParentHelper mParentHelper -> x
    android.support.v4.view.NestedScrollingChildHelper mChildHelper -> y
    float mVerticalScrollFactor -> z
    android.support.v4.app.FragmentManager$OnBackStackChangedListener mOnScrollChangeListener$6023562a -> A
    void setNestedScrollingEnabled(boolean) -> setNestedScrollingEnabled
android.support.v4.widget.NestedScrollView$AccessibilityDelegate -> dg:
    boolean performAccessibilityAction(android.view.View,int,android.os.Bundle) -> a
    void onInitializeAccessibilityNodeInfo(android.view.View,android.support.v4.view.accessibility.AccessibilityNodeInfoCompat) -> a
    void onInitializeAccessibilityEvent(android.view.View,android.view.accessibility.AccessibilityEvent) -> d