Zfcnetstat/proguard/usage.txt
com.example.hello.BuildConfig
com.example.hello.Code:
    private static final int DEFAULT_CODE_LENGTH
    private static final int DEFAULT_FONT_SIZE
    private static final int DEFAULT_LINE_NUMBER
    private static final int BASE_PADDING_LEFT
    private static final int RANGE_PADDING_LEFT
    private static final int BASE_PADDING_TOP
    private static final int RANGE_PADDING_TOP
    private static final int DEFAULT_WIDTH
    private static final int DEFAULT_HEIGHT
com.example.hello.Config:
    private static final java.lang.String TAG
    public static final java.lang.String UPDATE_SAVENAME
    public static final java.lang.String UPDATE_SERVER
    public static final java.lang.String UPDATE_APKNAME
    public static final java.lang.String UPDATE_VERJSON
    7:7:public Config()
    42:44:public static java.lang.String getAppName(android.content.Context)
    48:50:public static java.lang.String getAppEnglishName(android.content.Context)
com.example.hello.FileUtil:
    8:8:public FileUtil()
com.example.hello.HttpRequestor:
    92:176:public java.lang.String doPost(java.lang.String,java.util.Map)
    196:204:private void renderRequest(java.net.URLConnection)
    210:210:public java.lang.Integer getConnectTimeout()
    214:215:public void setConnectTimeout(java.lang.Integer)
    218:218:public java.lang.Integer getSocketTimeout()
    222:223:public void setSocketTimeout(java.lang.Integer)
    226:226:public java.lang.String getProxyHost()
    230:231:public void setProxyHost(java.lang.String)
    234:234:public java.lang.Integer getProxyPort()
    238:239:public void setProxyPort(java.lang.Integer)
    242:242:public java.lang.String getCharset()
    246:247:public void setCharset(java.lang.String)
com.example.hello.MainActivity:
    public android.app.ProgressDialog pBar
    384:391:void down()
    394:398:void update()
    441:448:public void cancelChkNewVersion()
com.example.hello.MainActivity$4
com.example.hello.MyService:
    57:63:public java.lang.String getDevId()
com.example.hello.ProfileUtil:
    public static final int MSG_LOGIN
    public static final int MSG_VERSION
    public static final int MSG_UPLOAD
    public static final int MSG_Register
    public static final int MSG_SMSCODE
    public static final int MSG_SMSCODE_WAITTING
    public static final int MSG_SMSCODE_TIMEOUT
    public static final int MSG_ALARM_CLOCK
    public static final java.lang.String mywebsite
    public static final java.lang.String LoginSuccessFlag
    private android.content.Context myctx
    47:50:public ProfileUtil(android.content.Context)
    63:64:public static void main(java.lang.String[])
    67:72:public static long getAtomicCounter()
    78:86:public static java.lang.String getUUID()
    185:190:public void showMessage(java.lang.String)
    193:199:public static void toast(android.app.Activity,java.lang.String)
com.example.hello.ProfileUtil$1
com.example.hello.R
com.example.hello.R$attr
com.example.hello.R$dimen
com.example.hello.R$drawable
com.example.hello.R$id
com.example.hello.R$layout
com.example.hello.R$menu
com.example.hello.R$string
com.example.hello.R$style
com.example.hello.RegisterActivity:
    android.widget.Button vc_ok
    android.widget.Button requestCodeBtn
    android.widget.EditText inputCodeEt
com.example.hello.UpdateService:
    private static final int TIMEOUT
    private static final int DOWN_OK
    private static final int DOWN_ERROR
...
android.support.annotation.StringRes
android.support.annotation.StyleRes
android.support.annotation.StyleableRes
android.support.annotation.TransitionRes
android.support.annotation.UiThread
android.support.annotation.VisibleForTesting
android.support.annotation.WorkerThread
android.support.annotation.XmlRes
android.support.v4.accessibilityservice.AccessibilityServiceInfoCompat
android.support.v4.accessibilityservice.AccessibilityServiceInfoCompat$AccessibilityServiceInfoIcsImpl
android.support.v4.accessibilityservice.AccessibilityServiceInfoCompat$AccessibilityServiceInfoJellyBeanMr2
android.support.v4.accessibilityservice.AccessibilityServiceInfoCompat$AccessibilityServiceInfoStubImpl
android.support.v4.accessibilityservice.AccessibilityServiceInfoCompat$AccessibilityServiceInfoVersionImpl
android.support.v4.accessibilityservice.AccessibilityServiceInfoCompatIcs
android.support.v4.accessibilityservice.AccessibilityServiceInfoCompatJellyBeanMr2
android.support.v4.animation.AnimatorCompatHelper
android.support.v4.animation.AnimatorListenerCompat
android.support.v4.animation.AnimatorProvider
android.support.v4.animation.AnimatorUpdateListenerCompat
android.support.v4.animation.DonutAnimatorCompatProvider
android.support.v4.animation.DonutAnimatorCompatProvider$DonutFloatValueAnimator
android.support.v4.animation.DonutAnimatorCompatProvider$DonutFloatValueAnimator$1
android.support.v4.animation.HoneycombMr1AnimatorCompatProvider
android.support.v4.animation.HoneycombMr1AnimatorCompatProvider$AnimatorListenerCompatWrapper
android.support.v4.animation.HoneycombMr1AnimatorCompatProvider$HoneycombValueAnimatorCompat
android.support.v4.animation.HoneycombMr1AnimatorCompatProvider$HoneycombValueAnimatorCompat$1
android.support.v4.animation.ValueAnimatorCompat
android.support.v4.app.ActionBarDrawerToggle
android.support.v4.app.ActionBarDrawerToggle$1
android.support.v4.app.ActionBarDrawerToggle$ActionBarDrawerToggleImpl
android.support.v4.app.ActionBarDrawerToggle$ActionBarDrawerToggleImplBase
android.support.v4.app.ActionBarDrawerToggle$ActionBarDrawerToggleImplHC
android.support.v4.app.ActionBarDrawerToggle$ActionBarDrawerToggleImplJellybeanMR2
android.support.v4.app.ActionBarDrawerToggle$Delegate
android.support.v4.app.ActionBarDrawerToggle$DelegateProvider
android.support.v4.app.ActionBarDrawerToggle$SlideDrawable
android.support.v4.app.ActionBarDrawerToggleHoneycomb
android.support.v4.app.ActionBarDrawerToggleHoneycomb$SetIndicatorInfo
android.support.v4.app.ActionBarDrawerToggleJellybeanMR2
android.support.v4.app.ActivityCompat:
    44:377:public ActivityCompat()
    107:111:public static boolean invalidateOptionsMenu(android.app.Activity)
    132:137:public static void startActivity(android.app.Activity,android.content.Intent,android.os.Bundle)
    161:166:public static void startActivityForResult(android.app.Activity,android.content.Intent,int,android.os.Bundle)
    176:181:public static void finishAffinity(android.app.Activity)
    206:218:public android.net.Uri getReferrer(android.app.Activity)
    231:234:public static void setEnterSharedElementCallback(android.app.Activity,android.support.v4.app.SharedElementCallback)
    247:250:public static void setExitSharedElementCallback(android.app.Activity,android.support.v4.app.SharedElementCallback)
    253:256:public static void postponeEnterTransition(android.app.Activity)
    259:262:public static void startPostponedEnterTransition(android.app.Activity)
    315:338:public static void requestPermissions(android.app.Activity,java.lang.String[],int)
    362:365:public static boolean shouldShowRequestPermissionRationale(android.app.Activity,java.lang.String)
    370:374:private static android.support.v4.app.ActivityCompat21$SharedElementCallback21 createCallback(android.support.v4.app.SharedElementCallback)
android.support.v4.app.ActivityCompat$1
android.support.v4.app.ActivityCompat$OnRequestPermissionsResultCallback